build/app/outputs/mapping/release/seeds.txt
com.travel_admin.MainActivity
com.travel_admin.MainActivity: MainActivity()
...
com.google.firestore.v1.BatchGetDocumentsResponse
androidx.window.layout.FoldingFeature$OcclusionType: FoldingFeature$OcclusionType(java.lang.String)
androidx.window.layout.WindowLayoutInfo: int hashCode()
androidx.window.layout.WindowMetricsCalculator$Companion$overrideDecorator$1: androidx.window.layout.WindowMetricsCalculator invoke(androidx.window.layout.WindowMetricsCalculator)
androidx.window.embedding.EmbeddingAdapter: boolean translateParentMetricsPredicate$lambda-4(androidx.window.embedding.SplitRule,android.view.WindowMetrics)
androidx.window.layout.SidecarCompat$FirstAttachAdapter: void onViewAttachedToWindow(android.view.View)
androidx.window.layout.SidecarAdapter$Companion: SidecarAdapter$Companion(kotlin.jvm.internal.DefaultConstructorMarker)
kotlinx.coroutines.internal.LockFreeTaskQueue
androidx.window.embedding.EmbeddingCompat: EmbeddingCompat()
androidx.window.embedding.ExtensionEmbeddingBackend: java.util.concurrent.CopyOnWriteArrayList getSplitChangeCallbacks()
com.google.firebase.firestore.FirebaseFirestore
com.google.firestore.v1.Precondition: int UPDATE_TIME_FIELD_NUMBER
androidx.window.embedding.EmbeddingAdapter: boolean translateActivityIntentPredicates$lambda-3(androidx.window.embedding.EmbeddingAdapter,java.util.Set,android.util.Pair)
com.baseflow.geolocator.errors.ErrorCodes: com.baseflow.geolocator.errors.ErrorCodes[] values()
androidx.window.embedding.SplitController: void access$setGlobalInstance$cp(androidx.window.embedding.SplitController)
io.flutter.plugins.firebase.core.FlutterFirebaseCoreRegistrar: FlutterFirebaseCoreRegistrar()
androidx.window.embedding.ExtensionEmbeddingBackend$SplitListenerWrapper: java.util.List lastValue
com.google.android.gms.internal.firebase-auth-api.zzll
com.google.firestore.v1.DocumentTransform
androidx.window.layout.WindowInfoTracker$Companion: void reset()
io.grpc.okhttp.OkHttpFrameLogger$Direction: io.grpc.okhttp.OkHttpFrameLogger$Direction[] values()
kotlin.jvm.internal.FunctionReference: FunctionReference(int)
io.flutter.embedding.engine.FlutterJNI: java.lang.String observatoryUri
androidx.window.layout.ExtensionWindowLayoutInfoBackend$MulticastConsumer: void removeListener(androidx.core.util.Consumer)
androidx.window.core.Version: Version(int,int,int,java.lang.String,kotlin.jvm.internal.DefaultConstructorMarker)
com.google.android.gms.maps.model.Cap: android.os.Parcelable$Creator CREATOR
androidx.core.content.ContextCompat$Api16Impl: void startActivity(android.content.Context,android.content.Intent,android.os.Bundle)
androidx.window.layout.HardwareFoldingFeature$Type: java.lang.String toString()
com.google.android.gms.internal.firebase-auth-api.zzkq
androidx.window.layout.SidecarWindowBackend$WindowLayoutChangeCallbackWrapper: androidx.window.layout.WindowLayoutInfo lastInfo
androidx.core.graphics.drawable.IconCompat: IconCompat()
kotlinx.coroutines.CancellableContinuationImpl: java.lang.Object _state
com.google.firebase.firestore.proto.NoDocument: com.google.protobuf.Timestamp readTime_
com.google.android.gms.internal.firebase-auth-api.zzgl: com.google.android.gms.internal.firebase-auth-api.zzgl zzb
kotlinx.coroutines.JobSupport: java.lang.Object _parentHandle
io.flutter.embedding.engine.renderer.FlutterRenderer$DisplayFeatureType: io.flutter.embedding.engine.renderer.FlutterRenderer$DisplayFeatureType valueOf(java.lang.String)
androidx.window.layout.HardwareFoldingFeature: androidx.window.layout.HardwareFoldingFeature$Companion Companion
com.google.android.gms.internal.firebase-auth-api.zzku
com.google.firestore.v1.WriteResponse: int WRITE_RESULTS_FIELD_NUMBER
com.google.firebase.auth.GoogleAuthCredential: android.os.Parcelable$Creator CREATOR
androidx.window.embedding.ActivityRule: boolean getAlwaysExpand()
androidx.window.embedding.EmbeddingTranslatingCallback
com.google.firebase.auth.internal.RecaptchaActivity: RecaptchaActivity()
com.google.firestore.v1.Document: int NAME_FIELD_NUMBER