build/app/outputs/mapping/release/mapping.txt
# compiler: R8
# compiler_version: 2.1.62
# min_api: 20
# pg_map_id: 5f11c05
# common_typos_disable
com.travel_admin.MainActivity -> com.travel_admin.MainActivity:
    void configureFlutterEngine(io.flutter.embedding.engine.FlutterEngine) -> z
...
com.google.firebase.firestore.index.IndexByteEncoder -> com.google.firebase.firestore.a1.d:
    com.google.firebase.firestore.index.IndexByteEncoder$DescendingIndexByteEncoder descending -> c
    com.google.firebase.firestore.index.IndexByteEncoder$AscendingIndexByteEncoder ascending -> b
    com.google.firebase.firestore.index.OrderedCodeWriter orderedCode -> a
    com.google.firebase.firestore.index.OrderedCodeWriter access$000(com.google.firebase.firestore.index.IndexByteEncoder) -> a
    com.google.firebase.firestore.index.DirectionalIndexByteEncoder forKind(com.google.firebase.firestore.model.FieldIndex$Segment$Kind) -> b
    byte[] getEncodedBytes() -> c
    void seed(byte[]) -> d
com.google.firebase.firestore.index.IndexByteEncoder$AscendingIndexByteEncoder -> com.google.firebase.firestore.a1.d$a:
    com.google.firebase.firestore.index.IndexByteEncoder this$0 -> a
    void writeBytes(com.google.protobuf.ByteString) -> a
    void writeDouble(double) -> b
    void writeInfinity() -> c
    void writeLong(long) -> d
    void writeString(java.lang.String) -> e
com.google.firebase.firestore.index.IndexByteEncoder$DescendingIndexByteEncoder -> com.google.firebase.firestore.a1.d$b:
    com.google.firebase.firestore.index.IndexByteEncoder this$0 -> a
    void writeBytes(com.google.protobuf.ByteString) -> a
    void writeDouble(double) -> b
    void writeInfinity() -> c
    void writeLong(long) -> d
    void writeString(java.lang.String) -> e
com.google.firebase.firestore.index.IndexEntry -> com.google.firebase.firestore.a1.e:
    int compareTo(com.google.firebase.firestore.index.IndexEntry) -> c
    com.google.firebase.firestore.index.IndexEntry create(int,com.google.firebase.firestore.model.DocumentKey,byte[],byte[]) -> g
    byte[] getArrayValue() -> h
    byte[] getDirectionalValue() -> j
    com.google.firebase.firestore.model.DocumentKey getDocumentKey() -> l
    int getIndexId() -> m
com.google.firebase.firestore.index.IntMath -> com.google.firebase.firestore.a1.f:
    int divide(int,int,java.math.RoundingMode) -> a
com.google.firebase.firestore.index.IntMath$1 -> com.google.firebase.firestore.a1.f$a:
    int[] $SwitchMap$java$math$RoundingMode -> a
com.google.firebase.firestore.index.OrderedCodeWriter -> com.google.firebase.firestore.a1.g:
    byte[] buffer -> a
    byte[][] LENGTH_TO_HEADER_BITS -> c
    int position -> b
    byte[] encodedBytes() -> a
    void ensureAvailable(int) -> b
    void seed(byte[]) -> c
    int signedNumLength(long) -> d
    int unsignedNumLength(long) -> e
    void writeByteAscending(byte) -> f
    void writeByteDescending(byte) -> g
    void writeBytesAscending(com.google.protobuf.ByteString) -> h
    void writeBytesDescending(com.google.protobuf.ByteString) -> i
    void writeDoubleAscending(double) -> j
    void writeDoubleDescending(double) -> k
    void writeEscapedByteAscending(byte) -> l
    void writeEscapedByteDescending(byte) -> m
    void writeInfinityAscending() -> n
    void writeInfinityDescending() -> o
    void writeSeparatorAscending() -> p
    void writeSeparatorDescending() -> q
    void writeSignedLongAscending(long) -> r
    void writeSignedLongDescending(long) -> s
    void writeUnsignedLongAscending(long) -> t
    void writeUnsignedLongDescending(long) -> u
    void writeUtf8Ascending(java.lang.CharSequence) -> v
    void writeUtf8Descending(java.lang.CharSequence) -> w
com.google.firebase.firestore.local.-$$Lambda$DocumentReference$K-VNPCpeD-wHakebJJpOEz5jAKg -> com.google.firebase.firestore.b1.a:
    com.google.firebase.firestore.local.-$$Lambda$DocumentReference$K-VNPCpeD-wHakebJJpOEz5jAKg INSTANCE -> e
com.google.firebase.firestore.local.-$$Lambda$DocumentReference$nKbgWaQCir1fwqQjFQEaxyCKMbU -> com.google.firebase.firestore.b1.b:
    com.google.firebase.firestore.local.-$$Lambda$DocumentReference$nKbgWaQCir1fwqQjFQEaxyCKMbU INSTANCE -> e