build/app/outputs/mapping/release/usage.txt
com.travel_admin.R$drawable
com.travel_admin.R$attr
com.travel_admin.R$raw
com.travel_admin.R$dimen
com.travel_admin.R$styleable
com.travel_admin.R$id
com.travel_admin.R$style
com.travel_admin.R$mipmap
com.travel_admin.R
com.travel_admin.R$color
com.travel_admin.R$integer
com.travel_admin.BuildConfig
com.travel_admin.R$layout
com.travel_admin.R$string
com.travel_admin.R$xml
...
io.grpc.internal.ClientTransportFactory$ClientTransportOptions:
    public io.grpc.ChannelLogger getChannelLogger()
    public io.grpc.internal.ClientTransportFactory$ClientTransportOptions setChannelLogger(io.grpc.ChannelLogger)
    private io.grpc.ChannelLogger channelLogger
com.google.android.gms.common.providers.PooledExecutorsProvider$PooledExecutorFactory
io.grpc.ServerServiceDefinition
io.flutter.plugins.imagepicker.R$styleable
io.grpc.ClientStreamTracer$StreamInfo:
    public io.grpc.CallOptions getCallOptions()
    public int getPreviousAttempts()
    public boolean isTransparentRetry()
    public io.grpc.ClientStreamTracer$StreamInfo$Builder toBuilder()
com.google.android.gms.common.internal.IGmsServiceBroker$Stub
com.google.android.gms.location.LocationSettingsRequest$Builder:
    public final com.google.android.gms.location.LocationSettingsRequest$Builder addAllLocationRequests(java.util.Collection)
    public final com.google.android.gms.location.LocationSettingsRequest$Builder setAlwaysShow(boolean)
    public final com.google.android.gms.location.LocationSettingsRequest$Builder setNeedBle(boolean)
com.google.common.util.concurrent.Striped$SmallLazyStriped
com.google.android.gms.common.util.MapUtils
io.flutter.plugins.googlemaps.TileOverlaySink:
    public abstract void setTileProvider(com.google.android.gms.maps.model.TileProvider)
com.google.api.Page$Builder
kotlinx.coroutines.internal.MissingMainCoroutineDispatcherFactory
com.google.common.util.concurrent.MoreExecutors$DirectExecutorService
com.google.android.gms.internal.firebase-auth-api.zzju:
    static void <clinit>()
    static final synthetic int[] zza
com.google.common.collect.EmptyImmutableSetMultimap
com.google.firebase.components.Lazy:
    void <init>(java.lang.Object)
    boolean isInitialized()
androidx.browser.browseractions.BrowserActionsIntent$BrowserActionsItemId
kotlinx.coroutines.flow.FlowKt__ReduceKt$firstOrNull$1
com.google.android.gms.common.api.internal.zabf
kotlin.internal.LowPriorityInOverloadResolution
io.grpc.okhttp.OkHttpChannelProvider:
    public io.grpc.okhttp.OkHttpChannelBuilder builderForAddress(java.lang.String,int)
    public io.grpc.ManagedChannelProvider$NewChannelBuilderResult newChannelBuilder(java.lang.String,io.grpc.ChannelCredentials)
    public synthetic bridge io.grpc.ManagedChannelBuilder builderForAddress(java.lang.String,int)
com.google.common.base.PatternCompiler:
    public abstract com.google.common.base.CommonPattern compile(java.lang.String)
    public abstract boolean isPcreLike()
com.google.firebase.auth.internal.zzar
androidx.core.net.ConnectivityManagerCompat$RestrictBackgroundStatus
com.google.gson.LongSerializationPolicy$1
com.google.common.util.concurrent.RateLimiter$SleepingStopwatch$1
io.grpc.PersistentHashArrayMappedTrie$Node:
    public abstract java.lang.Object get(java.lang.Object,int,int)
    public abstract io.grpc.PersistentHashArrayMappedTrie$Node put(java.lang.Object,java.lang.Object,int,int)
    public abstract int size()
com.google.common.primitives.SignedBytes$LexicographicalComparator
kotlin.time.DurationUnitKt
androidx.localbroadcastmanager.R
com.google.firestore.bundle.BundledDocumentMetadata
com.google.gson.internal.LinkedHashTreeMap$EntrySet
com.google.android.gms.maps.SupportMapFragment